<?xml version="1.0" encoding="UTF-8"?>
<!-- Generated by org.testng.reporters.JUnitReportReporter -->
<testsuite hostname="WENDELLROBLES-HP-EB-840-G3" failures="0" tests="1" name="test.com.SearchStoreByZipCodeTest" time="22.269" errors="0" timestamp="2024-09-23T05:33:21 CDT" skipped="0">
  <testcase classname="test.com.SearchStoreByZipCodeTest" name="testSearchStoreByZipCode" time="22.269"/>
</testsuite> <!-- test.com.SearchStoreByZipCodeTest -->
