<?xml version="1.0" encoding="UTF-8"?>
<!-- Generated by org.testng.reporters.JUnitReportReporter -->
<testsuite hostname="WENDELLROBLES-HP-EB-840-G3" failures="0" tests="1" name="test.com.SearchStoreByZipCodeTest" time="25.397" errors="0" timestamp="2024-09-22T07:02:53 CDT" skipped="0">
  <testcase classname="test.com.SearchStoreByZipCodeTest" name="testSearchStoreByZipCode" time="25.397"/>
</testsuite> <!-- test.com.SearchStoreByZipCodeTest -->
