<?xml version="1.0" encoding="UTF-8"?>
<!-- Generated by org.testng.reporters.JUnitReportReporter -->
<testsuite hostname="WENDELLROBLES-HP-EB-840-G3" failures="0" tests="1" name="test.com.SearchItemAddToFavoritesTest" time="22.784" errors="0" timestamp="2024-09-23T05:06:45 CDT" skipped="0">
  <testcase classname="test.com.SearchItemAddToFavoritesTest" name="testSearchItemAddToFavorites" time="22.784"/>
</testsuite> <!-- test.com.SearchItemAddToFavoritesTest -->
