<?xml version="1.0" encoding="UTF-8"?>
<!-- Generated by org.testng.reporters.JUnitReportReporter -->
<testsuite hostname="WENDELLROBLES-HP-EB-840-G3" failures="0" tests="1" name="test.com.AddItemToFavoritesTest" time="35.741" errors="0" timestamp="2024-09-23T05:54:21 CDT" skipped="0">
  <testcase classname="test.com.AddItemToFavoritesTest" name="testAddItemToFavorites" time="35.741"/>
</testsuite> <!-- test.com.AddItemToFavoritesTest -->
